04-24-2018 @ 19:06:01 - 
====Stripe Version: 4.1.2====
====Start Log====
Error: Unable to verify domain - missing secret key.
====End Log====


04-28-2018 @ 06:02:34 - 
====Stripe Version: 4.1.2====
====Start Log====
Keys are not set correctly.
====End Log====


04-28-2018 @ 06:14:14 - 
====Stripe Version: 4.1.2====
====Start Log====
Keys are not set correctly.
====End Log====


04-28-2018 @ 06:15:19 - 
====Stripe Version: 4.1.2====
====Start Log====
Keys are not set correctly.
====End Log====


04-28-2018 @ 06:16:43 - 
====Stripe Version: 4.1.2====
====Start Log====
Keys are not set correctly.
====End Log====


